[0.178s] Invoking command in '/home/sulieman/quadrotor_target_tracking/build/quadrotor_control': CMAKE_PREFIX_PATH=${CMAKE_PREFIX_PATH}:/home/sulieman/quadrotor_target_tracking/install/simulation:/home/sulieman/quadrotor_target_tracking/install/robots_description:/opt/ros/humble /usr/bin/cmake --build /home/sulieman/quadrotor_target_tracking/build/quadrotor_control -- -j16 -l16
[0.395s] [35m[1mConsolidate compiler generated dependencies of target quadrotor_vision[0m
[0.395s] [ 50%] Built target quadrotor_mpc
[0.395s] [ 75%] [32mBuilding CXX object CMakeFiles/quadrotor_vision.dir/src/quadrotor_vision.cpp.o[0m
[2.486s] [01m[K/home/sulieman/quadrotor_target_tracking/src/quadrotor_control/src/quadrotor_vision.cpp:[m[K In lambda function:
[2.486s] [01m[K/home/sulieman/quadrotor_target_tracking/src/quadrotor_control/src/quadrotor_vision.cpp:123:39:[m[K [01;35m[Kwarning: [m[Kcomparison of integer expressions of different signedness: â€˜[01m[Kint[m[Kâ€™ and â€˜[01m[Kstd::vector<int>::size_type[m[Kâ€™ {aka â€˜[01m[Klong unsigned int[m[Kâ€™} [[01;35m[K]8;;https://gcc.gnu.org/onlinedocs/gcc/Warning-Options.html#index-Wsign-compare-Wsign-compare]8;;[m[K]
[2.486s]   123 |                     for (int i = 0; [01;35m[Ki < markerIds.size()[m[K; i++)
[2.486s]       |                                     [01;35m[K~~^~~~~~~~~~~~~~~~~~[m[K
[2.498s] [01m[K/home/sulieman/quadrotor_target_tracking/src/quadrotor_control/src/quadrotor_vision.cpp:184:47:[m[K [01;31m[Kerror: [m[Kexpected â€˜[01m[K;[m[Kâ€™ before â€˜[01m[KP_future[m[Kâ€™
[2.498s]   184 |                         cv::Mat_<float>(4, 1) [01;31m[KP_future[m[K << next_x, next_y, 0.0, 1.0;
[2.499s]       |                                               [01;31m[K^~~~~~~~[m[K
[2.499s] [01m[K/home/sulieman/quadrotor_target_tracking/src/quadrotor_control/src/quadrotor_vision.cpp:185:47:[m[K [01;31m[Kerror: [m[Kexpected â€˜[01m[K;[m[Kâ€™ before â€˜[01m[KT_world_to_cam[m[Kâ€™
[2.499s]   185 |                         cv::Mat_<float>(4, 4) [01;31m[KT_world_to_cam[m[K << T.inverse();
[2.499s]       |                                               [01;31m[K^~~~~~~~~~~~~~[m[K
[2.499s] [01m[K/home/sulieman/quadrotor_target_tracking/src/quadrotor_control/src/quadrotor_vision.cpp:187:47:[m[K [01;31m[Kerror: [m[Kexpected â€˜[01m[K;[m[Kâ€™ before â€˜[01m[KP_future_PIXEL[m[Kâ€™
[2.499s]   187 |                         cv::Mat_<float>(4, 1) [01;31m[KP_future_PIXEL[m[K = cam_matrix * T_world_to_cam*P_future;
[2.499s]       |                                               [01;31m[K^~~~~~~~~~~~~~[m[K
[2.506s] [01m[K/home/sulieman/quadrotor_target_tracking/src/quadrotor_control/src/quadrotor_vision.cpp:188:25:[m[K [01;31m[Kerror: [m[Kâ€˜[01m[KP_future_PIXEL[m[Kâ€™ was not declared in this scope
[2.506s]   188 |                         [01;31m[KP_future_PIXEL[m[K = P_future_PIXEL / P_future_PIXEL(2);
[2.506s]       |                         [01;31m[K^~~~~~~~~~~~~~[m[K
[5.394s] gmake[2]: *** [CMakeFiles/quadrotor_vision.dir/build.make:76: CMakeFiles/quadrotor_vision.dir/src/quadrotor_vision.cpp.o] Error 1
[5.394s] gmake[1]: *** [CMakeFiles/Makefile2:165: CMakeFiles/quadrotor_vision.dir/all] Error 2
[5.395s] gmake: *** [Makefile:146: all] Error 2
[5.396s] Invoked command in '/home/sulieman/quadrotor_target_tracking/build/quadrotor_control' returned '2': CMAKE_PREFIX_PATH=${CMAKE_PREFIX_PATH}:/home/sulieman/quadrotor_target_tracking/install/simulation:/home/sulieman/quadrotor_target_tracking/install/robots_description:/opt/ros/humble /usr/bin/cmake --build /home/sulieman/quadrotor_target_tracking/build/quadrotor_control -- -j16 -l16
