[0.172s] Invoking command in '/home/sulieman/quadrotor_target_tracking/build/quadrotor_control': CMAKE_PREFIX_PATH=${CMAKE_PREFIX_PATH}:/home/sulieman/quadrotor_target_tracking/install/simulation:/home/sulieman/quadrotor_target_tracking/install/robots_description:/opt/ros/humble /usr/bin/cmake --build /home/sulieman/quadrotor_target_tracking/build/quadrotor_control -- -j16 -l16
[0.365s] [35m[1mConsolidate compiler generated dependencies of target quadrotor_vision[0m
[0.365s] [ 50%] Built target quadrotor_mpc
[0.365s] [ 75%] [32mBuilding CXX object CMakeFiles/quadrotor_vision.dir/src/quadrotor_vision.cpp.o[0m
[2.314s] [01m[K/home/sulieman/quadrotor_target_tracking/src/quadrotor_control/src/quadrotor_vision.cpp:[m[K In constructor â€˜[01m[KQuadrotorReferencePublisher::QuadrotorReferencePublisher()[m[Kâ€™:
[2.314s] [01m[K/home/sulieman/quadrotor_target_tracking/src/quadrotor_control/src/quadrotor_vision.cpp:25:15:[m[K [01;31m[Kerror: [m[Kâ€˜[01m[Kclass QuadrotorReferencePublisher[m[Kâ€™ has no member named â€˜[01m[Kdecalre_parameter[m[Kâ€™; did you mean â€˜[01m[Kdeclare_parameter[m[Kâ€™?
[2.314s]    25 |         this->[01;31m[Kdecalre_parameter[m[K("state_topic", "quadrotor_state");
[2.314s]       |               [01;31m[K^~~~~~~~~~~~~~~~~[m[K
[2.314s]       |               [32m[Kdeclare_parameter[m[K
[2.339s] [01m[K/home/sulieman/quadrotor_target_tracking/src/quadrotor_control/src/quadrotor_vision.cpp:[m[K In lambda function:
[2.339s] [01m[K/home/sulieman/quadrotor_target_tracking/src/quadrotor_control/src/quadrotor_vision.cpp:104:39:[m[K [01;35m[Kwarning: [m[Kcomparison of integer expressions of different signedness: â€˜[01m[Kint[m[Kâ€™ and â€˜[01m[Kstd::vector<int>::size_type[m[Kâ€™ {aka â€˜[01m[Klong unsigned int[m[Kâ€™} [[01;35m[K]8;;https://gcc.gnu.org/onlinedocs/gcc/Warning-Options.html#index-Wsign-compare-Wsign-compare]8;;[m[K]
[2.339s]   104 |                     for (int i = 0; [01;35m[Ki < markerIds.size()[m[K; i++)
[2.339s]       |                                     [01;35m[K~~^~~~~~~~~~~~~~~~~~[m[K
[5.182s] gmake[2]: *** [CMakeFiles/quadrotor_vision.dir/build.make:76: CMakeFiles/quadrotor_vision.dir/src/quadrotor_vision.cpp.o] Error 1
[5.182s] gmake[1]: *** [CMakeFiles/Makefile2:165: CMakeFiles/quadrotor_vision.dir/all] Error 2
[5.182s] gmake: *** [Makefile:146: all] Error 2
[5.185s] Invoked command in '/home/sulieman/quadrotor_target_tracking/build/quadrotor_control' returned '2': CMAKE_PREFIX_PATH=${CMAKE_PREFIX_PATH}:/home/sulieman/quadrotor_target_tracking/install/simulation:/home/sulieman/quadrotor_target_tracking/install/robots_description:/opt/ros/humble /usr/bin/cmake --build /home/sulieman/quadrotor_target_tracking/build/quadrotor_control -- -j16 -l16
