[0.176s] Invoking command in '/home/sulieman/quadrotor_target_tracking/build/quadrotor_control': CMAKE_PREFIX_PATH=${CMAKE_PREFIX_PATH}:/home/sulieman/quadrotor_target_tracking/install/simulation:/home/sulieman/quadrotor_target_tracking/install/robots_description:/opt/ros/humble /usr/bin/cmake --build /home/sulieman/quadrotor_target_tracking/build/quadrotor_control -- -j16 -l16
[0.389s] [35m[1mConsolidate compiler generated dependencies of target quadrotor_vision[0m
[0.389s] [ 50%] Built target quadrotor_mpc
[0.389s] [ 75%] [32mBuilding CXX object CMakeFiles/quadrotor_vision.dir/src/quadrotor_vision.cpp.o[0m
[2.492s] [01m[K/home/sulieman/quadrotor_target_tracking/src/quadrotor_control/src/quadrotor_vision.cpp:[m[K In lambda function:
[2.493s] [01m[K/home/sulieman/quadrotor_target_tracking/src/quadrotor_control/src/quadrotor_vision.cpp:123:39:[m[K [01;35m[Kwarning: [m[Kcomparison of integer expressions of different signedness: â€˜[01m[Kint[m[Kâ€™ and â€˜[01m[Kstd::vector<int>::size_type[m[Kâ€™ {aka â€˜[01m[Klong unsigned int[m[Kâ€™} [[01;35m[K]8;;https://gcc.gnu.org/onlinedocs/gcc/Warning-Options.html#index-Wsign-compare-Wsign-compare]8;;[m[K]
[2.493s]   123 |                     for (int i = 0; [01;35m[Ki < markerIds.size()[m[K; i++)
[2.493s]       |                                     [01;35m[K~~^~~~~~~~~~~~~~~~~~[m[K
[2.509s] [01m[K/home/sulieman/quadrotor_target_tracking/src/quadrotor_control/src/quadrotor_vision.cpp:165:46:[m[K [01;31m[Kerror: [m[Kâ€˜[01m[Kflaot[m[Kâ€™ was not declared in this scope; did you mean â€˜[01m[Kfloat[m[Kâ€™?
[2.510s]   165 |                          float(T_inv(2, 0)), [01;31m[Kflaot[m[K(T_inv(2, 1)), float(T_inv(2, 2)), float(T_inv(2, 3)),
[2.510s]       |                                              [01;31m[K^~~~~[m[K
[2.510s]       |                                              [32m[Kfloat[m[K
[2.510s] [01m[K/home/sulieman/quadrotor_target_tracking/src/quadrotor_control/src/quadrotor_vision.cpp:190:77:[m[K [01;31m[Kerror: [m[Kconflicting declaration â€˜[01m[Kcv::Mat next_y[m[Kâ€™
[2.510s]   190 |                         cv::Mat P_future = cv::Mat_<float>(4, 1) << next_x, [01;31m[Knext_y[m[K, 0.0, 1.0;
[2.510s]       |                                                                             [01;31m[K^~~~~~[m[K
[2.510s] [01m[K/home/sulieman/quadrotor_target_tracking/src/quadrotor_control/src/quadrotor_vision.cpp:174:32:[m[K [01;36m[Knote: [m[Kprevious declaration as â€˜[01m[Kdouble next_y[m[Kâ€™
[2.510s]   174 |                         double [01;36m[Knext_y[m[K = prediction.at<float>(1) + prediction.at<float>(3) * (i + 1) * dt_future + 0.5 * prediction.at<float>(5) * pow((i + 1) * dt_future, 2);
[2.510s]       |                                [01;36m[K^~~~~~[m[K
[2.510s] [01m[K/home/sulieman/quadrotor_target_tracking/src/quadrotor_control/src/quadrotor_vision.cpp:190:85:[m[K [01;31m[Kerror: [m[Kexpected unqualified-id before numeric constant
[2.510s]   190 |                         cv::Mat P_future = cv::Mat_<float>(4, 1) << next_x, next_y, [01;31m[K0.0[m[K, 1.0;
[2.510s]       |                                                                                     [01;31m[K^~~[m[K
[5.522s] gmake[2]: *** [CMakeFiles/quadrotor_vision.dir/build.make:76: CMakeFiles/quadrotor_vision.dir/src/quadrotor_vision.cpp.o] Error 1
[5.523s] gmake[1]: *** [CMakeFiles/Makefile2:165: CMakeFiles/quadrotor_vision.dir/all] Error 2
[5.523s] gmake: *** [Makefile:146: all] Error 2
[5.525s] Invoked command in '/home/sulieman/quadrotor_target_tracking/build/quadrotor_control' returned '2': CMAKE_PREFIX_PATH=${CMAKE_PREFIX_PATH}:/home/sulieman/quadrotor_target_tracking/install/simulation:/home/sulieman/quadrotor_target_tracking/install/robots_description:/opt/ros/humble /usr/bin/cmake --build /home/sulieman/quadrotor_target_tracking/build/quadrotor_control -- -j16 -l16
