[01m[K/home/sulieman/quadrotor_target_tracking/src/quadrotor_control/src/quadrotor_vision.cpp:[m[K In lambda function:
[01m[K/home/sulieman/quadrotor_target_tracking/src/quadrotor_control/src/quadrotor_vision.cpp:71:28:[m[K [01;31m[Kerror: [m[Kâ€˜[01m[KArucoDetector[m[Kâ€™ is not a member of â€˜[01m[Kcv::aruco[m[Kâ€™
   71 |                 cv::aruco::[01;31m[KArucoDetector[m[K detector(dictionary, detectorParams);
      |                            [01;31m[K^~~~~~~~~~~~~[m[K
[01m[K/home/sulieman/quadrotor_target_tracking/src/quadrotor_control/src/quadrotor_vision.cpp:72:17:[m[K [01;31m[Kerror: [m[Kâ€˜[01m[Kdetector[m[Kâ€™ was not declared in this scope
   72 |                 [01;31m[Kdetector[m[K.detectMarkers(img, markerCorners, markerIds, rejectedCandidates);
      |                 [01;31m[K^~~~~~~~[m[K
gmake[2]: *** [CMakeFiles/quadrotor_vision.dir/build.make:76: CMakeFiles/quadrotor_vision.dir/src/quadrotor_vision.cpp.o] Error 1
gmake[1]: *** [CMakeFiles/Makefile2:165: CMakeFiles/quadrotor_vision.dir/all] Error 2
gmake: *** [Makefile:146: all] Error 2
