[0.163s] Invoking command in '/home/sulieman/quadrotor_target_tracking/build/quadrotor_control': CMAKE_PREFIX_PATH=${CMAKE_PREFIX_PATH}:/home/sulieman/quadrotor_target_tracking/install/simulation:/home/sulieman/quadrotor_target_tracking/install/robots_description:/opt/ros/humble /usr/bin/cmake --build /home/sulieman/quadrotor_target_tracking/build/quadrotor_control -- -j16 -l16
[0.352s] [35m[1mConsolidate compiler generated dependencies of target quadrotor_vision[0m
[0.352s] [ 50%] Built target quadrotor_mpc
[0.352s] [ 75%] [32mBuilding CXX object CMakeFiles/quadrotor_vision.dir/src/quadrotor_vision.cpp.o[0m
[2.003s] [01m[K/home/sulieman/quadrotor_target_tracking/src/quadrotor_control/src/quadrotor_vision.cpp:[m[K In lambda function:
[2.003s] [01m[K/home/sulieman/quadrotor_target_tracking/src/quadrotor_control/src/quadrotor_vision.cpp:71:28:[m[K [01;31m[Kerror: [m[Kâ€˜[01m[KArucoDetector[m[Kâ€™ is not a member of â€˜[01m[Kcv::aruco[m[Kâ€™
[2.003s]    71 |                 cv::aruco::[01;31m[KArucoDetector[m[K detector(dictionary, detectorParams);
[2.003s]       |                            [01;31m[K^~~~~~~~~~~~~[m[K
[2.009s] [01m[K/home/sulieman/quadrotor_target_tracking/src/quadrotor_control/src/quadrotor_vision.cpp:72:17:[m[K [01;31m[Kerror: [m[Kâ€˜[01m[Kdetector[m[Kâ€™ was not declared in this scope
[2.009s]    72 |                 [01;31m[Kdetector[m[K.detectMarkers(img, markerCorners, markerIds, rejectedCandidates);
[2.009s]       |                 [01;31m[K^~~~~~~~[m[K
[3.492s] gmake[2]: *** [CMakeFiles/quadrotor_vision.dir/build.make:76: CMakeFiles/quadrotor_vision.dir/src/quadrotor_vision.cpp.o] Error 1
[3.492s] gmake[1]: *** [CMakeFiles/Makefile2:165: CMakeFiles/quadrotor_vision.dir/all] Error 2
[3.493s] gmake: *** [Makefile:146: all] Error 2
[3.494s] Invoked command in '/home/sulieman/quadrotor_target_tracking/build/quadrotor_control' returned '2': CMAKE_PREFIX_PATH=${CMAKE_PREFIX_PATH}:/home/sulieman/quadrotor_target_tracking/install/simulation:/home/sulieman/quadrotor_target_tracking/install/robots_description:/opt/ros/humble /usr/bin/cmake --build /home/sulieman/quadrotor_target_tracking/build/quadrotor_control -- -j16 -l16
