[0.168s] Invoking command in '/home/sulieman/quadrotor_target_tracking/build/quadrotor_control': CMAKE_PREFIX_PATH=${CMAKE_PREFIX_PATH}:/home/sulieman/quadrotor_target_tracking/install/simulation:/home/sulieman/quadrotor_target_tracking/install/robots_description:/opt/ros/humble /usr/bin/cmake --build /home/sulieman/quadrotor_target_tracking/build/quadrotor_control -- -j16 -l16
[0.357s] [35m[1mConsolidate compiler generated dependencies of target quadrotor_vision[0m
[0.357s] [ 50%] Built target quadrotor_mpc
[0.357s] [ 75%] [32mBuilding CXX object CMakeFiles/quadrotor_vision.dir/src/quadrotor_vision.cpp.o[0m
[2.055s] [01m[K/home/sulieman/quadrotor_target_tracking/src/quadrotor_control/src/quadrotor_vision.cpp:[m[K In lambda function:
[2.055s] [01m[K/home/sulieman/quadrotor_target_tracking/src/quadrotor_control/src/quadrotor_vision.cpp:67:21:[m[K [01;31m[Kerror: [m[Kâ€˜[01m[Kcv::aruco[m[Kâ€™ has not been declared
[2.055s]    67 |                 cv::[01;31m[Karuco[m[K::DetectorParameters detectorParams = cv::aruco::DetectorParameters();
[2.055s]       |                     [01;31m[K^~~~~[m[K
[2.056s] [01m[K/home/sulieman/quadrotor_target_tracking/src/quadrotor_control/src/quadrotor_vision.cpp:68:29:[m[K [01;31m[Kerror: [m[Kâ€˜[01m[Karuco[m[Kâ€™ is not a member of â€˜[01m[Kcv[m[Kâ€™
[2.056s]    68 |                 cv::Ptr<cv::[01;31m[Karuco[m[K::Dictionary> dictionary = cv::aruco::getPredefinedDictionary(cv::aruco::DICT_4X4_50);
[2.057s]       |                             [01;31m[K^~~~~[m[K
[2.057s] [01m[K/home/sulieman/quadrotor_target_tracking/src/quadrotor_control/src/quadrotor_vision.cpp:68:46:[m[K [01;31m[Kerror: [m[Ktemplate argument 1 is invalid
[2.057s]    68 |                 cv::Ptr<cv::aruco::Dictionary[01;31m[K>[m[K dictionary = cv::aruco::getPredefinedDictionary(cv::aruco::DICT_4X4_50);
[2.057s]       |                                              [01;31m[K^[m[K
[2.057s] [01m[K/home/sulieman/quadrotor_target_tracking/src/quadrotor_control/src/quadrotor_vision.cpp:68:65:[m[K [01;31m[Kerror: [m[Kâ€˜[01m[Kcv::aruco[m[Kâ€™ has not been declared
[2.057s]    68 |                 cv::Ptr<cv::aruco::Dictionary> dictionary = cv::[01;31m[Karuco[m[K::getPredefinedDictionary(cv::aruco::DICT_4X4_50);
[2.057s]       |                                                                 [01;31m[K^~~~~[m[K
[2.057s] [01m[K/home/sulieman/quadrotor_target_tracking/src/quadrotor_control/src/quadrotor_vision.cpp:68:100:[m[K [01;31m[Kerror: [m[Kâ€˜[01m[Kcv::aruco[m[Kâ€™ has not been declared
[2.057s]    68 |                 cv::Ptr<cv::aruco::Dictionary> dictionary = cv::aruco::getPredefinedDictionary(cv::[01;31m[Karuco[m[K::DICT_4X4_50);
[2.057s]       |                                                                                                    [01;31m[K^~~~~[m[K
[2.057s] [01m[K/home/sulieman/quadrotor_target_tracking/src/quadrotor_control/src/quadrotor_vision.cpp:69:21:[m[K [01;31m[Kerror: [m[Kâ€˜[01m[Kcv::aruco[m[Kâ€™ has not been declared
[2.057s]    69 |                 cv::[01;31m[Karuco[m[K::ArucoDetector detector(dictionary, detectorParams);
[2.057s]       |                     [01;31m[K^~~~~[m[K
[2.062s] [01m[K/home/sulieman/quadrotor_target_tracking/src/quadrotor_control/src/quadrotor_vision.cpp:70:17:[m[K [01;31m[Kerror: [m[Kâ€˜[01m[Kdetector[m[Kâ€™ was not declared in this scope
[2.062s]    70 |                 [01;31m[Kdetector[m[K.detectMarkers(img, markerCorners, markerIds, rejectedCandidates);
[2.062s]       |                 [01;31m[K^~~~~~~~[m[K
[2.063s] [01m[K/home/sulieman/quadrotor_target_tracking/src/quadrotor_control/src/quadrotor_vision.cpp:71:21:[m[K [01;31m[Kerror: [m[Kâ€˜[01m[Kcv::aruco[m[Kâ€™ has not been declared
[2.063s]    71 |                 cv::[01;31m[Karuco[m[K::drawDetectedMarkers(img_copy, markerCorners, markerIds);
[2.063s]       |                     [01;31m[K^~~~~[m[K
[2.063s] [01m[K/home/sulieman/quadrotor_target_tracking/src/quadrotor_control/src/quadrotor_vision.cpp:68:48:[m[K [01;35m[Kwarning: [m[Kunused variable â€˜[01m[Kdictionary[m[Kâ€™ [[01;35m[K]8;;https://gcc.gnu.org/onlinedocs/gcc/Warning-Options.html#index-Wunused-variable-Wunused-variable]8;;[m[K]
[2.063s]    68 |                 cv::Ptr<cv::aruco::Dictionary> [01;35m[Kdictionary[m[K = cv::aruco::getPredefinedDictionary(cv::aruco::DICT_4X4_50);
[2.063s]       |                                                [01;35m[K^~~~~~~~~~[m[K
[3.576s] gmake[2]: *** [CMakeFiles/quadrotor_vision.dir/build.make:76: CMakeFiles/quadrotor_vision.dir/src/quadrotor_vision.cpp.o] Error 1
[3.576s] gmake[1]: *** [CMakeFiles/Makefile2:165: CMakeFiles/quadrotor_vision.dir/all] Error 2
[3.576s] gmake: *** [Makefile:146: all] Error 2
[3.578s] Invoked command in '/home/sulieman/quadrotor_target_tracking/build/quadrotor_control' returned '2': CMAKE_PREFIX_PATH=${CMAKE_PREFIX_PATH}:/home/sulieman/quadrotor_target_tracking/install/simulation:/home/sulieman/quadrotor_target_tracking/install/robots_description:/opt/ros/humble /usr/bin/cmake --build /home/sulieman/quadrotor_target_tracking/build/quadrotor_control -- -j16 -l16
