[0.160s] Invoking command in '/home/sulieman/quadrotor_target_tracking/build/quadrotor_control': CMAKE_PREFIX_PATH=${CMAKE_PREFIX_PATH}:/home/sulieman/quadrotor_target_tracking/install/simulation:/home/sulieman/quadrotor_target_tracking/install/robots_description:/opt/ros/humble /usr/bin/cmake --build /home/sulieman/quadrotor_target_tracking/build/quadrotor_control -- -j16 -l16
[0.352s] [35m[1mConsolidate compiler generated dependencies of target quadrotor_vision[0m
[0.352s] [ 50%] Built target quadrotor_mpc
[0.352s] [ 75%] [32mBuilding CXX object CMakeFiles/quadrotor_vision.dir/src/quadrotor_vision.cpp.o[0m
[2.007s] [01m[K/home/sulieman/quadrotor_target_tracking/src/quadrotor_control/src/quadrotor_vision.cpp:[m[K In lambda function:
[2.007s] [01m[K/home/sulieman/quadrotor_target_tracking/src/quadrotor_control/src/quadrotor_vision.cpp:82:40:[m[K [01;31m[Kerror: [m[Ktoo few arguments to function â€˜[01m[Kvoid cv::aruco::drawAxis(cv::InputOutputArray, cv::InputArray, cv::InputArray, cv::InputArray, cv::InputArray, float)[m[Kâ€™
[2.007s]    82 |                     [01;31m[Kcv::aruco::drawAxis(img_copy, cv::Mat::eye(3,3,CV_64F), cv::Mat::zeros(3,1,CV_64F), cv::Mat::zeros(3,1,CV_64F), 0.1)[m[K;
[2.007s]       |                     [01;31m[K~~~~~~~~~~~~~~~~~~~^~~~~~~~~~~~~~~~~~~~~~~~~~~~~~~~~~~~~~~~~~~~~~~~~~~~~~~~~~~~~~~~~~~~~~~~~~~~~~~~~~~~~~~~~~~~~~~~~[m[K
[2.007s] In file included from [01m[K/home/sulieman/quadrotor_target_tracking/src/quadrotor_control/src/quadrotor_vision.cpp:9[m[K:
[2.007s] [01m[K/usr/include/opencv4/opencv2/aruco.hpp:494:19:[m[K [01;36m[Knote: [m[Kdeclared here
[2.008s]   494 | CV_EXPORTS_W void [01;36m[KdrawAxis[m[K(InputOutputArray image, InputArray cameraMatrix, InputArray distCoeffs,
[2.008s]       |                   [01;36m[K^~~~~~~~[m[K
[3.514s] gmake[2]: *** [CMakeFiles/quadrotor_vision.dir/build.make:76: CMakeFiles/quadrotor_vision.dir/src/quadrotor_vision.cpp.o] Error 1
[3.514s] gmake[1]: *** [CMakeFiles/Makefile2:165: CMakeFiles/quadrotor_vision.dir/all] Error 2
[3.515s] gmake: *** [Makefile:146: all] Error 2
[3.517s] Invoked command in '/home/sulieman/quadrotor_target_tracking/build/quadrotor_control' returned '2': CMAKE_PREFIX_PATH=${CMAKE_PREFIX_PATH}:/home/sulieman/quadrotor_target_tracking/install/simulation:/home/sulieman/quadrotor_target_tracking/install/robots_description:/opt/ros/humble /usr/bin/cmake --build /home/sulieman/quadrotor_target_tracking/build/quadrotor_control -- -j16 -l16
