[0.175s] Invoking command in '/home/sulieman/quadrotor_target_tracking/build/quadrotor_control': CMAKE_PREFIX_PATH=${CMAKE_PREFIX_PATH}:/home/sulieman/quadrotor_target_tracking/install/simulation:/home/sulieman/quadrotor_target_tracking/install/robots_description:/opt/ros/humble /usr/bin/cmake --build /home/sulieman/quadrotor_target_tracking/build/quadrotor_control -- -j16 -l16
[0.374s] [35m[1mConsolidate compiler generated dependencies of target quadrotor_vision[0m
[0.374s] [ 50%] Built target quadrotor_mpc
[0.374s] [ 75%] [32mBuilding CXX object CMakeFiles/quadrotor_vision.dir/src/quadrotor_vision.cpp.o[0m
[2.401s] [01m[K/home/sulieman/quadrotor_target_tracking/src/quadrotor_control/src/quadrotor_vision.cpp:[m[K In lambda function:
[2.401s] [01m[K/home/sulieman/quadrotor_target_tracking/src/quadrotor_control/src/quadrotor_vision.cpp:120:57:[m[K [01;31m[Kerror: [m[Kâ€˜[01m[Kusing _future_pose_type = class std::vector<geometry_msgs::msg::Pose_<std::allocator<void> >, std::allocator<geometry_msgs::msg::Pose_<std::allocator<void> > > >[m[Kâ€™ {aka â€˜[01m[Kclass std::vector<geometry_msgs::msg::Pose_<std::allocator<void> >, std::allocator<geometry_msgs::msg::Pose_<std::allocator<void> > > >[m[Kâ€™} has no member named â€˜[01m[Kpushbacke[m[Kâ€™; did you mean â€˜[01m[Kpush_back[m[Kâ€™?
[2.401s]   120 |                         reference_state_msg.future_pose.[01;31m[Kpushbacke[m[K( future_pose);
[2.401s]       |                                                         [01;31m[K^~~~~~~~~[m[K
[2.401s]       |                                                         [32m[Kpush_back[m[K
[2.401s] [01m[K/home/sulieman/quadrotor_target_tracking/src/quadrotor_control/src/quadrotor_vision.cpp:121:58:[m[K [01;31m[Kerror: [m[Kâ€˜[01m[Kusing _future_twist_type = class std::vector<geometry_msgs::msg::Twist_<std::allocator<void> >, std::allocator<geometry_msgs::msg::Twist_<std::allocator<void> > > >[m[Kâ€™ {aka â€˜[01m[Kclass std::vector<geometry_msgs::msg::Twist_<std::allocator<void> >, std::allocator<geometry_msgs::msg::Twist_<std::allocator<void> > > >[m[Kâ€™} has no member named â€˜[01m[Kpushbacke[m[Kâ€™; did you mean â€˜[01m[Kpush_back[m[Kâ€™?
[2.401s]   121 |                         reference_state_msg.future_twist.[01;31m[Kpushbacke[m[K(future_twist);
[2.401s]       |                                                          [01;31m[K^~~~~~~~~[m[K
[2.401s]       |                                                          [32m[Kpush_back[m[K
[2.409s] [01m[K/home/sulieman/quadrotor_target_tracking/src/quadrotor_control/src/quadrotor_vision.cpp:[m[K In lambda function:
[2.409s] [01m[K/home/sulieman/quadrotor_target_tracking/src/quadrotor_control/src/quadrotor_vision.cpp:152:39:[m[K [01;35m[Kwarning: [m[Kcomparison of integer expressions of different signedness: â€˜[01m[Kint[m[Kâ€™ and â€˜[01m[Kstd::vector<int>::size_type[m[Kâ€™ {aka â€˜[01m[Klong unsigned int[m[Kâ€™} [[01;35m[K]8;;https://gcc.gnu.org/onlinedocs/gcc/Warning-Options.html#index-Wsign-compare-Wsign-compare]8;;[m[K]
[2.409s]   152 |                     for (int i = 0; [01;35m[Ki < markerIds.size()[m[K; i++)
[2.409s]       |                                     [01;35m[K~~^~~~~~~~~~~~~~~~~~[m[K
[5.279s] gmake[2]: *** [CMakeFiles/quadrotor_vision.dir/build.make:76: CMakeFiles/quadrotor_vision.dir/src/quadrotor_vision.cpp.o] Error 1
[5.279s] gmake[1]: *** [CMakeFiles/Makefile2:165: CMakeFiles/quadrotor_vision.dir/all] Error 2
[5.280s] gmake: *** [Makefile:146: all] Error 2
[5.282s] Invoked command in '/home/sulieman/quadrotor_target_tracking/build/quadrotor_control' returned '2': CMAKE_PREFIX_PATH=${CMAKE_PREFIX_PATH}:/home/sulieman/quadrotor_target_tracking/install/simulation:/home/sulieman/quadrotor_target_tracking/install/robots_description:/opt/ros/humble /usr/bin/cmake --build /home/sulieman/quadrotor_target_tracking/build/quadrotor_control -- -j16 -l16
